<?xml version="1.0" encoding="UTF-8"?>
<testng-results skipped="0" failed="0" ignored="0" total="1" passed="1">
  <reporter-output>
  </reporter-output>
  <suite name="Default suite" duration-ms="52612" started-at="2020-04-01T05:26:47Z" finished-at="2020-04-01T05:27:39Z">
    <groups>
    </groups>
    <test name="Default test" duration-ms="52612" started-at="2020-04-01T05:26:47Z" finished-at="2020-04-01T05:27:39Z">
      <class name="Assignment.CrossAsyst.JustTest">
        <test-method status="PASS" signature="Testing()[pri:0, instance:Assignment.CrossAsyst.JustTest@6a41eaa2]" name="Testing" duration-ms="51504" started-at="2020-04-01T05:26:47Z" finished-at="2020-04-01T05:27:38Z">
          <reporter-output>
          </reporter-output>
        </test-method> <!-- Testing -->
        <test-method status="PASS" signature="TearDown()[pri:0, instance:Assignment.CrossAsyst.JustTest@6a41eaa2]" name="TearDown" is-config="true" duration-ms="1063" started-at="2020-04-01T05:27:38Z" finished-at="2020-04-01T05:27:39Z">
          <reporter-output>
          </reporter-output>
        </test-method> <!-- TearDown -->
      </class> <!-- Assignment.CrossAsyst.JustTest -->
    </test> <!-- Default test -->
  </suite> <!-- Default suite -->
</testng-results>
